[ 2017-03-16T10:41:15+08:00 ] 127.0.0.1 /Admin/Person/%7B%7Broute('products.create')%7D%7D
INFO: [ app_init ] --START--
INFO: Run Behavior\BuildLiteBehavior [ RunTime:0.000010s ]
INFO: [ app_init ] --END-- [ RunTime:0.000347s ]
NOTIC: [2] preg_replace(): Compilation failed: unmatched parentheses at offset 9 H:\laragon\www\data\ThinkPHP\Library\Think\Dispatcher.class.php 第 127 行.
INFO: [ app_begin ] --START--
INFO: Run Behavior\ReadHtmlCacheBehavior [ RunTime:0.001745s ]
INFO: [ app_begin ] --END-- [ RunTime:0.001833s ]
ERR: 无法加载控制器:Person

[ 2017-03-16T10:41:54+08:00 ] 127.0.0.1 /Admin/Person/%7B%7Broute('products.create')%7D%7D
INFO: [ app_init ] --START--
INFO: Run Behavior\BuildLiteBehavior [ RunTime:0.000010s ]
INFO: [ app_init ] --END-- [ RunTime:0.000362s ]
NOTIC: [2] preg_replace(): Compilation failed: unmatched parentheses at offset 9 H:\laragon\www\data\ThinkPHP\Library\Think\Dispatcher.class.php 第 127 行.
INFO: [ app_begin ] --START--
INFO: Run Behavior\ReadHtmlCacheBehavior [ RunTime:0.000813s ]
INFO: [ app_begin ] --END-- [ RunTime:0.000846s ]
ERR: 无法加载控制器:Person

[ 2017-03-16T10:43:09+08:00 ] 127.0.0.1 /Admin/Person/%7B%7Broute('products.create')%7D%7D
INFO: [ app_init ] --START--
INFO: Run Behavior\BuildLiteBehavior [ RunTime:0.000009s ]
INFO: [ app_init ] --END-- [ RunTime:0.000405s ]
NOTIC: [2] preg_replace(): Compilation failed: unmatched parentheses at offset 9 H:\laragon\www\data\ThinkPHP\Library\Think\Dispatcher.class.php 第 127 行.
INFO: [ app_begin ] --START--
INFO: Run Behavior\ReadHtmlCacheBehavior [ RunTime:0.000792s ]
INFO: [ app_begin ] --END-- [ RunTime:0.000826s ]
ERR: 无法加载控制器:Person

