[ 2017-03-21T20:26:45+08:00 ] 117.151.12.213 /admin/user/login
INFO: [ app_init ] --START--
INFO: Run Behavior\BuildLiteBehavior [ RunTime:0.000006s ]
INFO: [ app_init ] --END-- [ RunTime:0.000029s ]
INFO: [ app_begin ] --START--
INFO: Run Behavior\ReadHtmlCacheBehavior [ RunTime:0.001008s ]
INFO: [ app_begin ] --END-- [ RunTime:0.001030s ]
INFO: [ view_parse ] --START--
INFO: [ template_filter ] --START--
INFO: Run Behavior\ContentReplaceBehavior [ RunTime:0.000036s ]
INFO: [ template_filter ] --END-- [ RunTime:0.000056s ]
INFO: Run Behavior\ParseTemplateBehavior [ RunTime:0.015454s ]
INFO: [ view_parse ] --END-- [ RunTime:0.015474s ]
INFO: [ view_filter ] --START--
INFO: Run Behavior\WriteHtmlCacheBehavior [ RunTime:0.000693s ]
INFO: [ view_filter ] --END-- [ RunTime:0.000707s ]
INFO: [ app_end ] --START--
INFO: Run Behavior\ShowPageTraceBehavior [ RunTime:0.001017s ]
INFO: [ app_end ] --END-- [ RunTime:0.001035s ]

[ 2017-03-21T20:26:45+08:00 ] 117.151.12.213 /Admin/User/verify/?0.6343536566973587
INFO: [ app_init ] --START--
INFO: Run Behavior\BuildLiteBehavior [ RunTime:0.000006s ]
INFO: [ app_init ] --END-- [ RunTime:0.000028s ]
INFO: [ app_begin ] --START--
INFO: Run Behavior\ReadHtmlCacheBehavior [ RunTime:0.000014s ]
INFO: [ app_begin ] --END-- [ RunTime:0.000029s ]
INFO: [ app_end ] --START--
INFO: Run Behavior\ShowPageTraceBehavior [ RunTime:0.000026s ]
INFO: [ app_end ] --END-- [ RunTime:0.000047s ]

[ 2017-03-21T20:26:50+08:00 ] 117.151.12.213 /Admin/User/do_login.html
INFO: [ app_init ] --START--
INFO: Run Behavior\BuildLiteBehavior [ RunTime:0.000006s ]
INFO: [ app_init ] --END-- [ RunTime:0.000029s ]
INFO: [ app_begin ] --START--
INFO: Run Behavior\ReadHtmlCacheBehavior [ RunTime:0.000018s ]
INFO: [ app_begin ] --END-- [ RunTime:0.000032s ]
SQL: SHOW COLUMNS FROM `user` [ RunTime:0.0007s ]
SQL: SELECT * FROM `user` WHERE `username` = 'chen' AND `password` = '4297f44b13955235245b2497399d7a93' LIMIT 1   [ RunTime:0.0002s ]
INFO: [ view_parse ] --START--
INFO: [ template_filter ] --START--
INFO: Run Behavior\ContentReplaceBehavior [ RunTime:0.000021s ]
INFO: [ template_filter ] --END-- [ RunTime:0.000037s ]
INFO: Run Behavior\ParseTemplateBehavior [ RunTime:0.001294s ]
INFO: [ view_parse ] --END-- [ RunTime:0.001311s ]
INFO: [ view_filter ] --START--
INFO: Run Behavior\WriteHtmlCacheBehavior [ RunTime:0.000020s ]
INFO: [ view_filter ] --END-- [ RunTime:0.000028s ]

[ 2017-03-21T20:26:53+08:00 ] 117.151.12.213 /Admin/User/verify/?0.8934753621589302
INFO: [ app_init ] --START--
INFO: Run Behavior\BuildLiteBehavior [ RunTime:0.000035s ]
INFO: [ app_init ] --END-- [ RunTime:0.000059s ]
INFO: [ app_begin ] --START--
INFO: Run Behavior\ReadHtmlCacheBehavior [ RunTime:0.000017s ]
INFO: [ app_begin ] --END-- [ RunTime:0.000030s ]
INFO: [ app_end ] --START--
INFO: Run Behavior\ShowPageTraceBehavior [ RunTime:0.000026s ]
INFO: [ app_end ] --END-- [ RunTime:0.000046s ]

[ 2017-03-21T20:26:56+08:00 ] 117.151.12.213 /Admin/User/do_login.html
INFO: [ app_init ] --START--
INFO: Run Behavior\BuildLiteBehavior [ RunTime:0.000006s ]
INFO: [ app_init ] --END-- [ RunTime:0.000029s ]
INFO: [ app_begin ] --START--
INFO: Run Behavior\ReadHtmlCacheBehavior [ RunTime:0.000019s ]
INFO: [ app_begin ] --END-- [ RunTime:0.000032s ]
SQL: SHOW COLUMNS FROM `user` [ RunTime:0.0005s ]
SQL: SELECT * FROM `user` WHERE `username` = 'chen' AND `password` = '96e79218965eb72c92a549dd5a330112' LIMIT 1   [ RunTime:0.0002s ]
INFO: [ view_parse ] --START--
INFO: [ template_filter ] --START--
INFO: Run Behavior\ContentReplaceBehavior [ RunTime:0.000021s ]
INFO: [ template_filter ] --END-- [ RunTime:0.000038s ]
INFO: Run Behavior\ParseTemplateBehavior [ RunTime:0.000896s ]
INFO: [ view_parse ] --END-- [ RunTime:0.000914s ]
INFO: [ view_filter ] --START--
INFO: Run Behavior\WriteHtmlCacheBehavior [ RunTime:0.000021s ]
INFO: [ view_filter ] --END-- [ RunTime:0.000029s ]
INFO: [ app_end ] --START--
INFO: Run Behavior\ShowPageTraceBehavior [ RunTime:0.000016s ]
INFO: [ app_end ] --END-- [ RunTime:0.000024s ]

[ 2017-03-21T20:26:57+08:00 ] 117.151.12.213 /Admin/Index/index.html
INFO: [ app_init ] --START--
INFO: Run Behavior\BuildLiteBehavior [ RunTime:0.000006s ]
INFO: [ app_init ] --END-- [ RunTime:0.000029s ]
INFO: [ app_begin ] --START--
INFO: Run Behavior\ReadHtmlCacheBehavior [ RunTime:0.000014s ]
INFO: [ app_begin ] --END-- [ RunTime:0.000026s ]
INFO: [ view_parse ] --START--
INFO: [ template_filter ] --START--
INFO: Run Behavior\ContentReplaceBehavior [ RunTime:0.000069s ]
INFO: [ template_filter ] --END-- [ RunTime:0.000095s ]
NOTIC: [8] Undefined variable: user /var/www/team1/data/Application/Runtime/Cache/Admin/b595b808c2ebeeeb0478ffc30bb4e87a.php 第 59 行.
INFO: Run Behavior\ParseTemplateBehavior [ RunTime:0.023197s ]
INFO: [ view_parse ] --END-- [ RunTime:0.023215s ]
INFO: [ view_filter ] --START--
INFO: Run Behavior\WriteHtmlCacheBehavior [ RunTime:0.000019s ]
INFO: [ view_filter ] --END-- [ RunTime:0.000037s ]
INFO: [ app_end ] --START--
INFO: Run Behavior\ShowPageTraceBehavior [ RunTime:0.000022s ]
INFO: [ app_end ] --END-- [ RunTime:0.000037s ]

[ 2017-03-21T20:26:59+08:00 ] 117.151.12.213 /Admin/Person/index.html
INFO: [ app_init ] --START--
INFO: Run Behavior\BuildLiteBehavior [ RunTime:0.000005s ]
INFO: [ app_init ] --END-- [ RunTime:0.000030s ]
INFO: [ app_begin ] --START--
INFO: Run Behavior\ReadHtmlCacheBehavior [ RunTime:0.000018s ]
INFO: [ app_begin ] --END-- [ RunTime:0.000033s ]
SQL: SHOW COLUMNS FROM `person` [ RunTime:0.0007s ]
SQL: SHOW COLUMNS FROM `department` [ RunTime:0.0004s ]
NOTIC: [8] Undefined index: name /var/www/team1/data/Application/Admin/Controller/PersonController.class.php 第 21 行.
SQL: SHOW COLUMNS FROM `person` [ RunTime:0.0003s ]
SQL: SELECT COUNT(*) AS tp_count FROM `person` WHERE ( info=1 ) LIMIT 1   [ RunTime:0.0002s ]
SQL: SELECT * FROM `person` WHERE ( info=1 ) AND `name` LIKE '%%' ORDER BY id LIMIT 0,3   [ RunTime:0.0002s ]
SQL: SHOW COLUMNS FROM `department` [ RunTime:0.0002s ]
NOTIC: [8] Undefined index: mapping_order /var/www/team1/data/ThinkPHP/Library/Think/Model/RelationModel.class.php 第 186 行.
NOTIC: [8] Undefined index: mapping_limit /var/www/team1/data/ThinkPHP/Library/Think/Model/RelationModel.class.php 第 187 行.
SQL: SELECT b.* FROM think_department_person AS a, department AS b WHERE a.department_id = b.id AND a. person_id='1' [ RunTime:0.0003s ]
NOTIC: [8] Undefined index: mapping_order /var/www/team1/data/ThinkPHP/Library/Think/Model/RelationModel.class.php 第 186 行.
NOTIC: [8] Undefined index: mapping_limit /var/www/team1/data/ThinkPHP/Library/Think/Model/RelationModel.class.php 第 187 行.
SQL: SELECT b.* FROM think_department_person AS a, department AS b WHERE a.department_id = b.id AND a. person_id='24' [ RunTime:0.0002s ]
NOTIC: [8] Undefined index: mapping_order /var/www/team1/data/ThinkPHP/Library/Think/Model/RelationModel.class.php 第 186 行.
NOTIC: [8] Undefined index: mapping_limit /var/www/team1/data/ThinkPHP/Library/Think/Model/RelationModel.class.php 第 187 行.
SQL: SELECT b.* FROM think_department_person AS a, department AS b WHERE a.department_id = b.id AND a. person_id='25' [ RunTime:0.0002s ]
INFO: [ view_parse ] --START--
INFO: [ template_filter ] --START--
INFO: Run Behavior\ContentReplaceBehavior [ RunTime:0.000069s ]
INFO: [ template_filter ] --END-- [ RunTime:0.000086s ]
NOTIC: [8] Undefined variable: user /var/www/team1/data/Application/Runtime/Cache/Admin/6caa630fa6058fb75e5eb223b3c8a866.php 第 59 行.
NOTIC: [8] Use of undefined constant id - assumed 'id' /var/www/team1/data/Application/Runtime/Cache/Admin/6caa630fa6058fb75e5eb223b3c8a866.php 第 131 行.
NOTIC: [8] Use of undefined constant id - assumed 'id' /var/www/team1/data/Application/Runtime/Cache/Admin/6caa630fa6058fb75e5eb223b3c8a866.php 第 137 行.
NOTIC: [8] Use of undefined constant id - assumed 'id' /var/www/team1/data/Application/Runtime/Cache/Admin/6caa630fa6058fb75e5eb223b3c8a866.php 第 131 行.
NOTIC: [8] Use of undefined constant id - assumed 'id' /var/www/team1/data/Application/Runtime/Cache/Admin/6caa630fa6058fb75e5eb223b3c8a866.php 第 137 行.
NOTIC: [8] Use of undefined constant id - assumed 'id' /var/www/team1/data/Application/Runtime/Cache/Admin/6caa630fa6058fb75e5eb223b3c8a866.php 第 131 行.
NOTIC: [8] Use of undefined constant id - assumed 'id' /var/www/team1/data/Application/Runtime/Cache/Admin/6caa630fa6058fb75e5eb223b3c8a866.php 第 137 行.
INFO: Run Behavior\ParseTemplateBehavior [ RunTime:0.002974s ]
INFO: [ view_parse ] --END-- [ RunTime:0.002990s ]
INFO: [ view_filter ] --START--
INFO: Run Behavior\WriteHtmlCacheBehavior [ RunTime:0.000023s ]
INFO: [ view_filter ] --END-- [ RunTime:0.000031s ]
INFO: [ app_end ] --START--
INFO: Run Behavior\ShowPageTraceBehavior [ RunTime:0.000022s ]
INFO: [ app_end ] --END-- [ RunTime:0.000037s ]

[ 2017-03-21T20:26:59+08:00 ] 117.151.12.213 /Admin/Person/Uploads/2017-03-16/58c9f9a719ed0.jpg
INFO: [ app_init ] --START--
INFO: Run Behavior\BuildLiteBehavior [ RunTime:0.000005s ]
INFO: [ app_init ] --END-- [ RunTime:0.000024s ]

[ 2017-03-21T20:27:00+08:00 ] 117.151.12.213 /Admin/Department/index.html
INFO: [ app_init ] --START--
INFO: Run Behavior\BuildLiteBehavior [ RunTime:0.000006s ]
INFO: [ app_init ] --END-- [ RunTime:0.000029s ]
INFO: [ app_begin ] --START--
INFO: Run Behavior\ReadHtmlCacheBehavior [ RunTime:0.000014s ]
INFO: [ app_begin ] --END-- [ RunTime:0.000028s ]
SQL: SHOW COLUMNS FROM `department` [ RunTime:0.0005s ]
SQL: SHOW COLUMNS FROM `person` [ RunTime:0.0003s ]
SQL: SHOW COLUMNS FROM `department` [ RunTime:0.0002s ]
SQL: SELECT * FROM `department` WHERE ( parent_id=0 )  [ RunTime:0.0002s ]
SQL: SELECT * FROM `department` WHERE ( 1=1 AND parent_id='1' )  [ RunTime:0.0001s ]
SQL: SELECT * FROM `department` WHERE ( 1=1 AND parent_id='6' )  [ RunTime:0.0001s ]
SQL: SELECT * FROM `department` WHERE ( 1=1 AND parent_id='9' )  [ RunTime:0.0001s ]
INFO: [ view_parse ] --START--
INFO: [ template_filter ] --START--
INFO: Run Behavior\ContentReplaceBehavior [ RunTime:0.000058s ]
INFO: [ template_filter ] --END-- [ RunTime:0.000075s ]
NOTIC: [8] Undefined variable: user /var/www/team1/data/Application/Runtime/Cache/Admin/2dbbfc7cc9356e8aaacba4b83c676c79.php 第 59 行.
NOTIC: [8] Use of undefined constant id - assumed 'id' /var/www/team1/data/Application/Runtime/Cache/Admin/2dbbfc7cc9356e8aaacba4b83c676c79.php 第 96 行.
NOTIC: [8] Use of undefined constant id - assumed 'id' /var/www/team1/data/Application/Runtime/Cache/Admin/2dbbfc7cc9356e8aaacba4b83c676c79.php 第 99 行.
NOTIC: [8] Undefined variable: c /var/www/team1/data/Application/Runtime/Cache/Admin/2dbbfc7cc9356e8aaacba4b83c676c79.php 第 99 行.
NOTIC: [8] Use of undefined constant id - assumed 'id' /var/www/team1/data/Application/Runtime/Cache/Admin/2dbbfc7cc9356e8aaacba4b83c676c79.php 第 109 行.
NOTIC: [8] Use of undefined constant id - assumed 'id' /var/www/team1/data/Application/Runtime/Cache/Admin/2dbbfc7cc9356e8aaacba4b83c676c79.php 第 112 行.
NOTIC: [8] Use of undefined constant id - assumed 'id' /var/www/team1/data/Application/Runtime/Cache/Admin/2dbbfc7cc9356e8aaacba4b83c676c79.php 第 109 行.
NOTIC: [8] Use of undefined constant id - assumed 'id' /var/www/team1/data/Application/Runtime/Cache/Admin/2dbbfc7cc9356e8aaacba4b83c676c79.php 第 112 行.
NOTIC: [8] Use of undefined constant id - assumed 'id' /var/www/team1/data/Application/Runtime/Cache/Admin/2dbbfc7cc9356e8aaacba4b83c676c79.php 第 109 行.
NOTIC: [8] Use of undefined constant id - assumed 'id' /var/www/team1/data/Application/Runtime/Cache/Admin/2dbbfc7cc9356e8aaacba4b83c676c79.php 第 112 行.
NOTIC: [8] Use of undefined constant id - assumed 'id' /var/www/team1/data/Application/Runtime/Cache/Admin/2dbbfc7cc9356e8aaacba4b83c676c79.php 第 109 行.
NOTIC: [8] Use of undefined constant id - assumed 'id' /var/www/team1/data/Application/Runtime/Cache/Admin/2dbbfc7cc9356e8aaacba4b83c676c79.php 第 112 行.
NOTIC: [8] Use of undefined constant id - assumed 'id' /var/www/team1/data/Application/Runtime/Cache/Admin/2dbbfc7cc9356e8aaacba4b83c676c79.php 第 96 行.
NOTIC: [8] Use of undefined constant id - assumed 'id' /var/www/team1/data/Application/Runtime/Cache/Admin/2dbbfc7cc9356e8aaacba4b83c676c79.php 第 99 行.
NOTIC: [8] Use of undefined constant id - assumed 'id' /var/www/team1/data/Application/Runtime/Cache/Admin/2dbbfc7cc9356e8aaacba4b83c676c79.php 第 109 行.
NOTIC: [8] Use of undefined constant id - assumed 'id' /var/www/team1/data/Application/Runtime/Cache/Admin/2dbbfc7cc9356e8aaacba4b83c676c79.php 第 112 行.
NOTIC: [8] Use of undefined constant id - assumed 'id' /var/www/team1/data/Application/Runtime/Cache/Admin/2dbbfc7cc9356e8aaacba4b83c676c79.php 第 109 行.
NOTIC: [8] Use of undefined constant id - assumed 'id' /var/www/team1/data/Application/Runtime/Cache/Admin/2dbbfc7cc9356e8aaacba4b83c676c79.php 第 112 行.
NOTIC: [8] Use of undefined constant id - assumed 'id' /var/www/team1/data/Application/Runtime/Cache/Admin/2dbbfc7cc9356e8aaacba4b83c676c79.php 第 96 行.
NOTIC: [8] Use of undefined constant id - assumed 'id' /var/www/team1/data/Application/Runtime/Cache/Admin/2dbbfc7cc9356e8aaacba4b83c676c79.php 第 99 行.
NOTIC: [8] Use of undefined constant id - assumed 'id' /var/www/team1/data/Application/Runtime/Cache/Admin/2dbbfc7cc9356e8aaacba4b83c676c79.php 第 109 行.
NOTIC: [8] Use of undefined constant id - assumed 'id' /var/www/team1/data/Application/Runtime/Cache/Admin/2dbbfc7cc9356e8aaacba4b83c676c79.php 第 112 行.
NOTIC: [8] Use of undefined constant id - assumed 'id' /var/www/team1/data/Application/Runtime/Cache/Admin/2dbbfc7cc9356e8aaacba4b83c676c79.php 第 109 行.
NOTIC: [8] Use of undefined constant id - assumed 'id' /var/www/team1/data/Application/Runtime/Cache/Admin/2dbbfc7cc9356e8aaacba4b83c676c79.php 第 112 行.
INFO: Run Behavior\ParseTemplateBehavior [ RunTime:0.003395s ]
INFO: [ view_parse ] --END-- [ RunTime:0.003411s ]
INFO: [ view_filter ] --START--
INFO: Run Behavior\WriteHtmlCacheBehavior [ RunTime:0.000019s ]
INFO: [ view_filter ] --END-- [ RunTime:0.000028s ]
INFO: [ app_end ] --START--
INFO: Run Behavior\ShowPageTraceBehavior [ RunTime:0.000018s ]
INFO: [ app_end ] --END-- [ RunTime:0.000031s ]

[ 2017-03-21T20:27:01+08:00 ] 117.151.12.213 /Admin/Person/trash.html
INFO: [ app_init ] --START--
INFO: Run Behavior\BuildLiteBehavior [ RunTime:0.000005s ]
INFO: [ app_init ] --END-- [ RunTime:0.000028s ]
INFO: [ app_begin ] --START--
INFO: Run Behavior\ReadHtmlCacheBehavior [ RunTime:0.000014s ]
INFO: [ app_begin ] --END-- [ RunTime:0.000027s ]
SQL: SHOW COLUMNS FROM `person` [ RunTime:0.0005s ]
SQL: SHOW COLUMNS FROM `department` [ RunTime:0.0003s ]
SQL: SHOW COLUMNS FROM `person` [ RunTime:0.0003s ]
SQL: SELECT COUNT(*) AS tp_count FROM `person` WHERE ( info=1 ) LIMIT 1   [ RunTime:0.0002s ]
SQL: SELECT * FROM `person` WHERE ( info=0 ) ORDER BY id LIMIT 0,3   [ RunTime:0.0001s ]
INFO: [ view_parse ] --START--
INFO: [ template_filter ] --START--
INFO: Run Behavior\ContentReplaceBehavior [ RunTime:0.000054s ]
INFO: [ template_filter ] --END-- [ RunTime:0.000071s ]
NOTIC: [8] Undefined variable: user /var/www/team1/data/Application/Runtime/Cache/Admin/dfff0742a684cfe0e8926c1ae2b8a488.php 第 59 行.
INFO: Run Behavior\ParseTemplateBehavior [ RunTime:0.007024s ]
INFO: [ view_parse ] --END-- [ RunTime:0.007039s ]
INFO: [ view_filter ] --START--
INFO: Run Behavior\WriteHtmlCacheBehavior [ RunTime:0.000017s ]
INFO: [ view_filter ] --END-- [ RunTime:0.000025s ]
INFO: [ app_end ] --START--
INFO: Run Behavior\ShowPageTraceBehavior [ RunTime:0.000014s ]
INFO: [ app_end ] --END-- [ RunTime:0.000022s ]

[ 2017-03-21T20:27:08+08:00 ] 117.151.12.213 /Admin/test/run
INFO: [ app_init ] --START--
INFO: Run Behavior\BuildLiteBehavior [ RunTime:0.000006s ]
INFO: [ app_init ] --END-- [ RunTime:0.000029s ]
INFO: [ app_begin ] --START--
INFO: Run Behavior\ReadHtmlCacheBehavior [ RunTime:0.000017s ]
INFO: [ app_begin ] --END-- [ RunTime:0.000034s ]
SQL: SHOW COLUMNS FROM `user` [ RunTime:0.0005s ]
SQL: SELECT `email` FROM `user`  [ RunTime:0.0001s ]
SQL: SHOW COLUMNS FROM `email` [ RunTime:0.0003s ]
SQL: INSERT INTO `email` (`to`,`from`) VALUES ('cm181123@163.com','cm181123@163.com') [ RunTime:0.0023s ]
SQL: INSERT INTO `email` (`to`,`from`) VALUES ('15927693861@163.com','cm181123@163.com') [ RunTime:0.0006s ]
INFO: [ app_end ] --START--
INFO: Run Behavior\ShowPageTraceBehavior [ RunTime:0.000027s ]
INFO: [ app_end ] --END-- [ RunTime:0.000041s ]

[ 2017-03-21T20:27:10+08:00 ] 180.153.206.17 /Admin/Department/index.html
INFO: [ app_init ] --START--
INFO: Run Behavior\BuildLiteBehavior [ RunTime:0.000005s ]
INFO: [ app_init ] --END-- [ RunTime:0.000028s ]
INFO: [ app_begin ] --START--
INFO: Run Behavior\ReadHtmlCacheBehavior [ RunTime:0.000020s ]
INFO: [ app_begin ] --END-- [ RunTime:0.000037s ]
SQL: SHOW COLUMNS FROM `department` [ RunTime:0.0005s ]
SQL: SHOW COLUMNS FROM `person` [ RunTime:0.0004s ]
SQL: SHOW COLUMNS FROM `department` [ RunTime:0.0003s ]
SQL: SELECT * FROM `department` WHERE ( parent_id=0 )  [ RunTime:0.0002s ]
SQL: SELECT * FROM `department` WHERE ( 1=1 AND parent_id='1' )  [ RunTime:0.0002s ]
SQL: SELECT * FROM `department` WHERE ( 1=1 AND parent_id='6' )  [ RunTime:0.0002s ]
SQL: SELECT * FROM `department` WHERE ( 1=1 AND parent_id='9' )  [ RunTime:0.0001s ]
INFO: [ view_parse ] --START--
INFO: [ template_filter ] --START--
INFO: Run Behavior\ContentReplaceBehavior [ RunTime:0.000063s ]
INFO: [ template_filter ] --END-- [ RunTime:0.000085s ]
NOTIC: [8] Undefined variable: user /var/www/team1/data/Application/Runtime/Cache/Admin/2dbbfc7cc9356e8aaacba4b83c676c79.php 第 59 行.
NOTIC: [8] Use of undefined constant id - assumed 'id' /var/www/team1/data/Application/Runtime/Cache/Admin/2dbbfc7cc9356e8aaacba4b83c676c79.php 第 96 行.
NOTIC: [8] Use of undefined constant id - assumed 'id' /var/www/team1/data/Application/Runtime/Cache/Admin/2dbbfc7cc9356e8aaacba4b83c676c79.php 第 99 行.
NOTIC: [8] Undefined variable: c /var/www/team1/data/Application/Runtime/Cache/Admin/2dbbfc7cc9356e8aaacba4b83c676c79.php 第 99 行.
NOTIC: [8] Use of undefined constant id - assumed 'id' /var/www/team1/data/Application/Runtime/Cache/Admin/2dbbfc7cc9356e8aaacba4b83c676c79.php 第 109 行.
NOTIC: [8] Use of undefined constant id - assumed 'id' /var/www/team1/data/Application/Runtime/Cache/Admin/2dbbfc7cc9356e8aaacba4b83c676c79.php 第 112 行.
NOTIC: [8] Use of undefined constant id - assumed 'id' /var/www/team1/data/Application/Runtime/Cache/Admin/2dbbfc7cc9356e8aaacba4b83c676c79.php 第 109 行.
NOTIC: [8] Use of undefined constant id - assumed 'id' /var/www/team1/data/Application/Runtime/Cache/Admin/2dbbfc7cc9356e8aaacba4b83c676c79.php 第 112 行.
NOTIC: [8] Use of undefined constant id - assumed 'id' /var/www/team1/data/Application/Runtime/Cache/Admin/2dbbfc7cc9356e8aaacba4b83c676c79.php 第 109 行.
NOTIC: [8] Use of undefined constant id - assumed 'id' /var/www/team1/data/Application/Runtime/Cache/Admin/2dbbfc7cc9356e8aaacba4b83c676c79.php 第 112 行.
NOTIC: [8] Use of undefined constant id - assumed 'id' /var/www/team1/data/Application/Runtime/Cache/Admin/2dbbfc7cc9356e8aaacba4b83c676c79.php 第 109 行.
NOTIC: [8] Use of undefined constant id - assumed 'id' /var/www/team1/data/Application/Runtime/Cache/Admin/2dbbfc7cc9356e8aaacba4b83c676c79.php 第 112 行.
NOTIC: [8] Use of undefined constant id - assumed 'id' /var/www/team1/data/Application/Runtime/Cache/Admin/2dbbfc7cc9356e8aaacba4b83c676c79.php 第 96 行.
NOTIC: [8] Use of undefined constant id - assumed 'id' /var/www/team1/data/Application/Runtime/Cache/Admin/2dbbfc7cc9356e8aaacba4b83c676c79.php 第 99 行.
NOTIC: [8] Use of undefined constant id - assumed 'id' /var/www/team1/data/Application/Runtime/Cache/Admin/2dbbfc7cc9356e8aaacba4b83c676c79.php 第 109 行.
NOTIC: [8] Use of undefined constant id - assumed 'id' /var/www/team1/data/Application/Runtime/Cache/Admin/2dbbfc7cc9356e8aaacba4b83c676c79.php 第 112 行.
NOTIC: [8] Use of undefined constant id - assumed 'id' /var/www/team1/data/Application/Runtime/Cache/Admin/2dbbfc7cc9356e8aaacba4b83c676c79.php 第 109 行.
NOTIC: [8] Use of undefined constant id - assumed 'id' /var/www/team1/data/Application/Runtime/Cache/Admin/2dbbfc7cc9356e8aaacba4b83c676c79.php 第 112 行.
NOTIC: [8] Use of undefined constant id - assumed 'id' /var/www/team1/data/Application/Runtime/Cache/Admin/2dbbfc7cc9356e8aaacba4b83c676c79.php 第 96 行.
NOTIC: [8] Use of undefined constant id - assumed 'id' /var/www/team1/data/Application/Runtime/Cache/Admin/2dbbfc7cc9356e8aaacba4b83c676c79.php 第 99 行.
NOTIC: [8] Use of undefined constant id - assumed 'id' /var/www/team1/data/Application/Runtime/Cache/Admin/2dbbfc7cc9356e8aaacba4b83c676c79.php 第 109 行.
NOTIC: [8] Use of undefined constant id - assumed 'id' /var/www/team1/data/Application/Runtime/Cache/Admin/2dbbfc7cc9356e8aaacba4b83c676c79.php 第 112 行.
NOTIC: [8] Use of undefined constant id - assumed 'id' /var/www/team1/data/Application/Runtime/Cache/Admin/2dbbfc7cc9356e8aaacba4b83c676c79.php 第 109 行.
NOTIC: [8] Use of undefined constant id - assumed 'id' /var/www/team1/data/Application/Runtime/Cache/Admin/2dbbfc7cc9356e8aaacba4b83c676c79.php 第 112 行.
INFO: Run Behavior\ParseTemplateBehavior [ RunTime:0.003142s ]
INFO: [ view_parse ] --END-- [ RunTime:0.003161s ]
INFO: [ view_filter ] --START--
INFO: Run Behavior\WriteHtmlCacheBehavior [ RunTime:0.000031s ]
INFO: [ view_filter ] --END-- [ RunTime:0.000044s ]
INFO: [ app_end ] --START--
INFO: Run Behavior\ShowPageTraceBehavior [ RunTime:0.000019s ]
INFO: [ app_end ] --END-- [ RunTime:0.000033s ]

[ 2017-03-21T20:27:18+08:00 ] 101.226.89.122 /Admin/test/run
INFO: [ app_init ] --START--
INFO: Run Behavior\BuildLiteBehavior [ RunTime:0.000006s ]
INFO: [ app_init ] --END-- [ RunTime:0.000029s ]
INFO: [ app_begin ] --START--
INFO: Run Behavior\ReadHtmlCacheBehavior [ RunTime:0.000017s ]
INFO: [ app_begin ] --END-- [ RunTime:0.000030s ]
SQL: SHOW COLUMNS FROM `user` [ RunTime:0.0005s ]
SQL: SELECT `email` FROM `user`  [ RunTime:0.0001s ]
SQL: SHOW COLUMNS FROM `email` [ RunTime:0.0003s ]
SQL: INSERT INTO `email` (`to`,`from`) VALUES ('cm181123@163.com','cm181123@163.com') [ RunTime:0.0043s ]
SQL: INSERT INTO `email` (`to`,`from`) VALUES ('15927693861@163.com','cm181123@163.com') [ RunTime:0.0006s ]
INFO: [ app_end ] --START--
INFO: Run Behavior\ShowPageTraceBehavior [ RunTime:0.000026s ]
INFO: [ app_end ] --END-- [ RunTime:0.000039s ]

[ 2017-03-21T20:27:38+08:00 ] 117.151.12.213 /Admin/test/run
INFO: [ app_init ] --START--
INFO: Run Behavior\BuildLiteBehavior [ RunTime:0.000005s ]
INFO: [ app_init ] --END-- [ RunTime:0.000029s ]
INFO: [ app_begin ] --START--
INFO: Run Behavior\ReadHtmlCacheBehavior [ RunTime:0.000018s ]
INFO: [ app_begin ] --END-- [ RunTime:0.000031s ]
SQL: SHOW COLUMNS FROM `user` [ RunTime:0.0005s ]
SQL: SELECT `email` FROM `user`  [ RunTime:0.0001s ]
SQL: SHOW COLUMNS FROM `email` [ RunTime:0.0003s ]
SQL: INSERT INTO `email` (`to`,`from`) VALUES ('cm181123@163.com','cm181123@163.com') [ RunTime:0.0019s ]
SQL: INSERT INTO `email` (`to`,`from`) VALUES ('15927693861@163.com','cm181123@163.com') [ RunTime:0.0027s ]
INFO: [ app_end ] --START--
INFO: Run Behavior\ShowPageTraceBehavior [ RunTime:0.000030s ]
INFO: [ app_end ] --END-- [ RunTime:0.000044s ]

[ 2017-03-21T20:28:18+08:00 ] 117.151.12.213 /Admin/test/run
INFO: [ app_init ] --START--
INFO: Run Behavior\BuildLiteBehavior [ RunTime:0.000006s ]
INFO: [ app_init ] --END-- [ RunTime:0.000030s ]
INFO: [ app_begin ] --START--
INFO: Run Behavior\ReadHtmlCacheBehavior [ RunTime:0.000040s ]
INFO: [ app_begin ] --END-- [ RunTime:0.000063s ]
SQL: SHOW COLUMNS FROM `user` [ RunTime:0.0005s ]
SQL: SELECT `email` FROM `user`  [ RunTime:0.0002s ]
SQL: SHOW COLUMNS FROM `email` [ RunTime:0.0003s ]
SQL: INSERT INTO `email` (`to`,`from`) VALUES ('cm181123@163.com','cm181123@163.com') [ RunTime:0.0019s ]
SQL: INSERT INTO `email` (`to`,`from`) VALUES ('15927693861@163.com','cm181123@163.com') [ RunTime:0.0015s ]
INFO: [ app_end ] --START--
INFO: Run Behavior\ShowPageTraceBehavior [ RunTime:0.000028s ]
INFO: [ app_end ] --END-- [ RunTime:0.000042s ]

[ 2017-03-21T20:30:08+08:00 ] 47.52.18.122 /Admin/test/run
INFO: [ app_init ] --START--
INFO: Run Behavior\BuildLiteBehavior [ RunTime:0.000006s ]
INFO: [ app_init ] --END-- [ RunTime:0.000028s ]
INFO: [ app_begin ] --START--
INFO: Run Behavior\ReadHtmlCacheBehavior [ RunTime:0.000018s ]
INFO: [ app_begin ] --END-- [ RunTime:0.000033s ]
SQL: SHOW COLUMNS FROM `user` [ RunTime:0.0005s ]
SQL: SELECT `email` FROM `user`  [ RunTime:0.0001s ]
SQL: SHOW COLUMNS FROM `email` [ RunTime:0.0003s ]
SQL: INSERT INTO `email` (`to`,`from`) VALUES ('cm181123@163.com','cm181123@163.com') [ RunTime:0.0023s ]
SQL: INSERT INTO `email` (`to`,`from`) VALUES ('15927693861@163.com','cm181123@163.com') [ RunTime:0.0024s ]
INFO: [ app_end ] --START--
INFO: Run Behavior\ShowPageTraceBehavior [ RunTime:0.000039s ]
INFO: [ app_end ] --END-- [ RunTime:0.000054s ]

[ 2017-03-21T20:30:18+08:00 ] 47.52.18.122 /Admin/test/run
INFO: [ app_init ] --START--
INFO: Run Behavior\BuildLiteBehavior [ RunTime:0.000005s ]
INFO: [ app_init ] --END-- [ RunTime:0.000041s ]
INFO: [ app_begin ] --START--
INFO: Run Behavior\ReadHtmlCacheBehavior [ RunTime:0.000017s ]
INFO: [ app_begin ] --END-- [ RunTime:0.000031s ]
SQL: SHOW COLUMNS FROM `user` [ RunTime:0.0005s ]
SQL: SELECT `email` FROM `user`  [ RunTime:0.0001s ]
SQL: SHOW COLUMNS FROM `email` [ RunTime:0.0003s ]
SQL: INSERT INTO `email` (`to`,`from`) VALUES ('cm181123@163.com','cm181123@163.com') [ RunTime:0.0026s ]
SQL: INSERT INTO `email` (`to`,`from`) VALUES ('15927693861@163.com','cm181123@163.com') [ RunTime:0.0015s ]
INFO: [ app_end ] --START--
INFO: Run Behavior\ShowPageTraceBehavior [ RunTime:0.000027s ]
INFO: [ app_end ] --END-- [ RunTime:0.000039s ]

[ 2017-03-21T20:53:07+08:00 ] 47.52.18.122 /Admin/test/run
INFO: [ app_init ] --START--
INFO: Run Behavior\BuildLiteBehavior [ RunTime:0.000006s ]
INFO: [ app_init ] --END-- [ RunTime:0.000028s ]
INFO: [ app_begin ] --START--
INFO: Run Behavior\ReadHtmlCacheBehavior [ RunTime:0.000017s ]
INFO: [ app_begin ] --END-- [ RunTime:0.000031s ]
SQL: SHOW COLUMNS FROM `user` [ RunTime:0.0004s ]
SQL: SELECT `email` FROM `user`  [ RunTime:0.0001s ]
SQL: SHOW COLUMNS FROM `email` [ RunTime:0.0003s ]
SQL: INSERT INTO `email` (`to`,`from`) VALUES ('cm181123@163.com','cm181123@163.com') [ RunTime:0.0024s ]
SQL: INSERT INTO `email` (`to`,`from`) VALUES ('15927693861@163.com','cm181123@163.com') [ RunTime:0.0030s ]
INFO: [ app_end ] --START--
INFO: Run Behavior\ShowPageTraceBehavior [ RunTime:0.000027s ]
INFO: [ app_end ] --END-- [ RunTime:0.000039s ]

[ 2017-03-21T22:11:18+08:00 ] 47.52.18.122 /Admin/test/run
INFO: [ app_init ] --START--
INFO: Run Behavior\BuildLiteBehavior [ RunTime:0.000006s ]
INFO: [ app_init ] --END-- [ RunTime:0.000029s ]
INFO: [ app_begin ] --START--
INFO: Run Behavior\ReadHtmlCacheBehavior [ RunTime:0.000018s ]
INFO: [ app_begin ] --END-- [ RunTime:0.000031s ]
SQL: SHOW COLUMNS FROM `user` [ RunTime:0.0005s ]
SQL: SELECT `email` FROM `user`  [ RunTime:0.0001s ]
SQL: SHOW COLUMNS FROM `email` [ RunTime:0.0003s ]
SQL: INSERT INTO `email` (`to`,`from`) VALUES ('cm181123@163.com','cm181123@163.com') [ RunTime:0.0022s ]
SQL: INSERT INTO `email` (`to`,`from`) VALUES ('15927693861@163.com','cm181123@163.com') [ RunTime:0.0032s ]
INFO: [ app_end ] --START--
INFO: Run Behavior\ShowPageTraceBehavior [ RunTime:0.000028s ]
INFO: [ app_end ] --END-- [ RunTime:0.000041s ]

[ 2017-03-21T22:26:01+08:00 ] 47.52.18.122 /Admin/test/run
INFO: [ app_init ] --START--
INFO: Run Behavior\BuildLiteBehavior [ RunTime:0.000006s ]
INFO: [ app_init ] --END-- [ RunTime:0.000030s ]
INFO: [ app_begin ] --START--
INFO: Run Behavior\ReadHtmlCacheBehavior [ RunTime:0.000019s ]
INFO: [ app_begin ] --END-- [ RunTime:0.000031s ]
SQL: SHOW COLUMNS FROM `user` [ RunTime:0.0004s ]
SQL: SELECT `email` FROM `user`  [ RunTime:0.0001s ]
SQL: SHOW COLUMNS FROM `email` [ RunTime:0.0003s ]
SQL: INSERT INTO `email` (`to`,`from`) VALUES ('cm181123@163.com','cm181123@163.com') [ RunTime:0.0026s ]
SQL: INSERT INTO `email` (`to`,`from`) VALUES ('15927693861@163.com','cm181123@163.com') [ RunTime:0.0022s ]
INFO: [ app_end ] --START--
INFO: Run Behavior\ShowPageTraceBehavior [ RunTime:0.000028s ]
INFO: [ app_end ] --END-- [ RunTime:0.000052s ]

[ 2017-03-21T22:27:01+08:00 ] 47.52.18.122 /Admin/test/run
INFO: [ app_init ] --START--
INFO: Run Behavior\BuildLiteBehavior [ RunTime:0.000005s ]
INFO: [ app_init ] --END-- [ RunTime:0.000029s ]
INFO: [ app_begin ] --START--
INFO: Run Behavior\ReadHtmlCacheBehavior [ RunTime:0.000017s ]
INFO: [ app_begin ] --END-- [ RunTime:0.000031s ]
SQL: SHOW COLUMNS FROM `user` [ RunTime:0.0004s ]
SQL: SELECT `email` FROM `user`  [ RunTime:0.0001s ]
SQL: SHOW COLUMNS FROM `email` [ RunTime:0.0002s ]
SQL: INSERT INTO `email` (`to`,`from`) VALUES ('cm181123@163.com','cm181123@163.com') [ RunTime:0.0024s ]
SQL: INSERT INTO `email` (`to`,`from`) VALUES ('15927693861@163.com','cm181123@163.com') [ RunTime:0.0015s ]
INFO: [ app_end ] --START--
INFO: Run Behavior\ShowPageTraceBehavior [ RunTime:0.000028s ]
INFO: [ app_end ] --END-- [ RunTime:0.000040s ]

[ 2017-03-21T22:28:01+08:00 ] 47.52.18.122 /Admin/test/run
INFO: [ app_init ] --START--
INFO: Run Behavior\BuildLiteBehavior [ RunTime:0.000006s ]
INFO: [ app_init ] --END-- [ RunTime:0.000028s ]
INFO: [ app_begin ] --START--
INFO: Run Behavior\ReadHtmlCacheBehavior [ RunTime:0.000059s ]
INFO: [ app_begin ] --END-- [ RunTime:0.000076s ]
SQL: SHOW COLUMNS FROM `user` [ RunTime:0.0004s ]
SQL: SELECT `email` FROM `user`  [ RunTime:0.0001s ]
SQL: SHOW COLUMNS FROM `email` [ RunTime:0.0002s ]
SQL: INSERT INTO `email` (`to`,`from`) VALUES ('cm181123@163.com','cm181123@163.com') [ RunTime:0.0047s ]
SQL: INSERT INTO `email` (`to`,`from`) VALUES ('15927693861@163.com','cm181123@163.com') [ RunTime:0.0006s ]
INFO: [ app_end ] --START--
INFO: Run Behavior\ShowPageTraceBehavior [ RunTime:0.000028s ]
INFO: [ app_end ] --END-- [ RunTime:0.000041s ]

[ 2017-03-21T22:29:01+08:00 ] 47.52.18.122 /Admin/test/run
INFO: [ app_init ] --START--
INFO: Run Behavior\BuildLiteBehavior [ RunTime:0.000005s ]
INFO: [ app_init ] --END-- [ RunTime:0.000028s ]
INFO: [ app_begin ] --START--
INFO: Run Behavior\ReadHtmlCacheBehavior [ RunTime:0.000017s ]
INFO: [ app_begin ] --END-- [ RunTime:0.000030s ]
SQL: SHOW COLUMNS FROM `user` [ RunTime:0.0004s ]
SQL: SELECT `email` FROM `user`  [ RunTime:0.0001s ]
SQL: SHOW COLUMNS FROM `email` [ RunTime:0.0002s ]
SQL: INSERT INTO `email` (`to`,`from`) VALUES ('cm181123@163.com','cm181123@163.com') [ RunTime:0.0024s ]
SQL: INSERT INTO `email` (`to`,`from`) VALUES ('15927693861@163.com','cm181123@163.com') [ RunTime:0.0023s ]
INFO: [ app_end ] --START--
INFO: Run Behavior\ShowPageTraceBehavior [ RunTime:0.000026s ]
INFO: [ app_end ] --END-- [ RunTime:0.000038s ]

[ 2017-03-21T22:30:01+08:00 ] 47.52.18.122 /Admin/test/run
INFO: [ app_init ] --START--
INFO: Run Behavior\BuildLiteBehavior [ RunTime:0.000006s ]
INFO: [ app_init ] --END-- [ RunTime:0.000028s ]
INFO: [ app_begin ] --START--
INFO: Run Behavior\ReadHtmlCacheBehavior [ RunTime:0.000018s ]
INFO: [ app_begin ] --END-- [ RunTime:0.000031s ]
SQL: SHOW COLUMNS FROM `user` [ RunTime:0.0004s ]
SQL: SELECT `email` FROM `user`  [ RunTime:0.0001s ]
SQL: SHOW COLUMNS FROM `email` [ RunTime:0.0002s ]
SQL: INSERT INTO `email` (`to`,`from`) VALUES ('cm181123@163.com','cm181123@163.com') [ RunTime:0.0026s ]
SQL: INSERT INTO `email` (`to`,`from`) VALUES ('15927693861@163.com','cm181123@163.com') [ RunTime:0.0017s ]
INFO: [ app_end ] --START--
INFO: Run Behavior\ShowPageTraceBehavior [ RunTime:0.000028s ]
INFO: [ app_end ] --END-- [ RunTime:0.000040s ]

[ 2017-03-21T22:31:01+08:00 ] 47.52.18.122 /Admin/test/run
INFO: [ app_init ] --START--
INFO: Run Behavior\BuildLiteBehavior [ RunTime:0.000006s ]
INFO: [ app_init ] --END-- [ RunTime:0.000027s ]
INFO: [ app_begin ] --START--
INFO: Run Behavior\ReadHtmlCacheBehavior [ RunTime:0.000018s ]
INFO: [ app_begin ] --END-- [ RunTime:0.000031s ]
SQL: SHOW COLUMNS FROM `user` [ RunTime:0.0005s ]
SQL: SELECT `email` FROM `user`  [ RunTime:0.0001s ]
SQL: SHOW COLUMNS FROM `email` [ RunTime:0.0003s ]
SQL: INSERT INTO `email` (`to`,`from`) VALUES ('cm181123@163.com','cm181123@163.com') [ RunTime:0.0046s ]
SQL: INSERT INTO `email` (`to`,`from`) VALUES ('15927693861@163.com','cm181123@163.com') [ RunTime:0.0006s ]
INFO: [ app_end ] --START--
INFO: Run Behavior\ShowPageTraceBehavior [ RunTime:0.000027s ]
INFO: [ app_end ] --END-- [ RunTime:0.000040s ]

