[ 2017-03-23T11:37:07+08:00 ] 47.52.18.122 /Admin/test/run
INFO: [ app_init ] --START--
INFO: Run Behavior\BuildLiteBehavior [ RunTime:0.000006s ]
INFO: [ app_init ] --END-- [ RunTime:0.000031s ]
INFO: [ app_begin ] --START--
INFO: Run Behavior\ReadHtmlCacheBehavior [ RunTime:0.000020s ]
INFO: [ app_begin ] --END-- [ RunTime:0.000032s ]
SQL: SHOW COLUMNS FROM `user` [ RunTime:0.0005s ]
SQL: SELECT `email` FROM `user`  [ RunTime:0.0001s ]
SQL: SHOW COLUMNS FROM `email` [ RunTime:0.0002s ]
SQL: INSERT INTO `email` (`to`,`from`) VALUES ('cm181123@163.com','cm181123@163.com') [ RunTime:0.0021s ]
SQL: INSERT INTO `email` (`to`,`from`) VALUES ('15927693861@163.com','cm181123@163.com') [ RunTime:0.0024s ]
INFO: [ app_end ] --START--
INFO: Run Behavior\ShowPageTraceBehavior [ RunTime:0.000038s ]
INFO: [ app_end ] --END-- [ RunTime:0.000057s ]

[ 2017-03-23T11:37:29+08:00 ] 47.52.18.122 /Admin/test/run
INFO: [ app_init ] --START--
INFO: Run Behavior\BuildLiteBehavior [ RunTime:0.000006s ]
INFO: [ app_init ] --END-- [ RunTime:0.000030s ]
INFO: [ app_begin ] --START--
INFO: Run Behavior\ReadHtmlCacheBehavior [ RunTime:0.000020s ]
INFO: [ app_begin ] --END-- [ RunTime:0.000033s ]
SQL: SHOW COLUMNS FROM `user` [ RunTime:0.0004s ]
SQL: SELECT `email` FROM `user`  [ RunTime:0.0002s ]
SQL: SHOW COLUMNS FROM `email` [ RunTime:0.0002s ]
SQL: INSERT INTO `email` (`to`,`from`) VALUES ('cm181123@163.com','cm181123@163.com') [ RunTime:0.0029s ]
SQL: INSERT INTO `email` (`to`,`from`) VALUES ('15927693861@163.com','cm181123@163.com') [ RunTime:0.0017s ]
INFO: [ app_end ] --START--
INFO: Run Behavior\ShowPageTraceBehavior [ RunTime:0.000039s ]
INFO: [ app_end ] --END-- [ RunTime:0.000060s ]

[ 2017-03-23T11:37:48+08:00 ] 59.175.42.147 /admin/test/store
INFO: [ app_init ] --START--
INFO: Run Behavior\BuildLiteBehavior [ RunTime:0.000006s ]
INFO: [ app_init ] --END-- [ RunTime:0.000030s ]
INFO: [ app_begin ] --START--
INFO: Run Behavior\ReadHtmlCacheBehavior [ RunTime:0.000030s ]
INFO: [ app_begin ] --END-- [ RunTime:0.000043s ]
ERR: 非法操作:store

[ 2017-03-23T14:09:29+08:00 ] 127.0.0.1 /Admin/test/run
INFO: [ app_init ] --START--
INFO: Run Behavior\BuildLiteBehavior [ RunTime:0.000012s ]
INFO: [ app_init ] --END-- [ RunTime:0.000075s ]
INFO: [ app_begin ] --START--
INFO: Run Behavior\ReadHtmlCacheBehavior [ RunTime:0.000687s ]
INFO: [ app_begin ] --END-- [ RunTime:0.000722s ]
ERR: SQLSTATE[HY000] [1045] Access denied for user 'root'@'localhost' (using password: YES)

[ 2017-03-23T14:09:46+08:00 ] 127.0.0.1 /Admin/test/run
INFO: [ app_init ] --START--
INFO: Run Behavior\BuildLiteBehavior [ RunTime:0.000028s ]
INFO: [ app_init ] --END-- [ RunTime:0.000366s ]
INFO: [ app_begin ] --START--
INFO: Run Behavior\ReadHtmlCacheBehavior [ RunTime:0.001121s ]
INFO: [ app_begin ] --END-- [ RunTime:0.001187s ]
SQL: SHOW COLUMNS FROM `user` [ RunTime:0.0305s ]
SQL: SELECT `email` FROM `user`  [ RunTime:0.0005s ]
SQL: SHOW COLUMNS FROM `email` [ RunTime:0.0254s ]
NOTIC: [2] Invalid argument supplied for foreach() H:\laragon\www\data\ThinkPHP\Library\Think\Model.class.php 第 267 行.
NOTIC: [2] Invalid argument supplied for foreach() H:\laragon\www\data\ThinkPHP\Library\Think\Db\Driver.class.php 第 802 行.
SQL: INSERT INTO `email` () VALUES () [ RunTime:0.1877s ]
NOTIC: [2] Illegal string offset 'id' H:\laragon\www\data\ThinkPHP\Library\Think\Model.class.php 第 328 行.
NOTIC: [2] Invalid argument supplied for foreach() H:\laragon\www\data\ThinkPHP\Library\Think\Model.class.php 第 267 行.
NOTIC: [2] Invalid argument supplied for foreach() H:\laragon\www\data\ThinkPHP\Library\Think\Db\Driver.class.php 第 802 行.
SQL: INSERT INTO `email` () VALUES () [ RunTime:0.0993s ]
NOTIC: [2] Illegal string offset 'id' H:\laragon\www\data\ThinkPHP\Library\Think\Model.class.php 第 328 行.
NOTIC: [2] Invalid argument supplied for foreach() H:\laragon\www\data\ThinkPHP\Library\Think\Model.class.php 第 267 行.
NOTIC: [2] Invalid argument supplied for foreach() H:\laragon\www\data\ThinkPHP\Library\Think\Db\Driver.class.php 第 802 行.
SQL: INSERT INTO `email` () VALUES () [ RunTime:0.1548s ]
NOTIC: [2] Illegal string offset 'id' H:\laragon\www\data\ThinkPHP\Library\Think\Model.class.php 第 328 行.
NOTIC: [2] Invalid argument supplied for foreach() H:\laragon\www\data\ThinkPHP\Library\Think\Model.class.php 第 267 行.
NOTIC: [2] Invalid argument supplied for foreach() H:\laragon\www\data\ThinkPHP\Library\Think\Db\Driver.class.php 第 802 行.
SQL: INSERT INTO `email` () VALUES () [ RunTime:0.1875s ]
NOTIC: [2] Illegal string offset 'id' H:\laragon\www\data\ThinkPHP\Library\Think\Model.class.php 第 328 行.
INFO: [ app_end ] --START--
INFO: Run Behavior\ShowPageTraceBehavior [ RunTime:0.001284s ]
INFO: [ app_end ] --END-- [ RunTime:0.001331s ]

[ 2017-03-23T14:10:13+08:00 ] 127.0.0.1 /Admin/test/run
INFO: [ app_init ] --START--
INFO: Run Behavior\BuildLiteBehavior [ RunTime:0.000009s ]
INFO: [ app_init ] --END-- [ RunTime:0.000044s ]
INFO: [ app_begin ] --START--
INFO: Run Behavior\ReadHtmlCacheBehavior [ RunTime:0.000454s ]
INFO: [ app_begin ] --END-- [ RunTime:0.000485s ]
SQL: SHOW COLUMNS FROM `user` [ RunTime:0.0079s ]
SQL: SELECT `email` FROM `user`  [ RunTime:0.0001s ]
SQL: SHOW COLUMNS FROM `email` [ RunTime:0.0083s ]
NOTIC: [2] Invalid argument supplied for foreach() H:\laragon\www\data\ThinkPHP\Library\Think\Model.class.php 第 267 行.
NOTIC: [2] Invalid argument supplied for foreach() H:\laragon\www\data\ThinkPHP\Library\Think\Db\Driver.class.php 第 802 行.
SQL: INSERT INTO `email` () VALUES () [ RunTime:0.0903s ]
NOTIC: [2] Illegal string offset 'id' H:\laragon\www\data\ThinkPHP\Library\Think\Model.class.php 第 328 行.
NOTIC: [2] Invalid argument supplied for foreach() H:\laragon\www\data\ThinkPHP\Library\Think\Model.class.php 第 267 行.
NOTIC: [2] Invalid argument supplied for foreach() H:\laragon\www\data\ThinkPHP\Library\Think\Db\Driver.class.php 第 802 行.
SQL: INSERT INTO `email` () VALUES () [ RunTime:0.1683s ]
NOTIC: [2] Illegal string offset 'id' H:\laragon\www\data\ThinkPHP\Library\Think\Model.class.php 第 328 行.
NOTIC: [2] Invalid argument supplied for foreach() H:\laragon\www\data\ThinkPHP\Library\Think\Model.class.php 第 267 行.
NOTIC: [2] Invalid argument supplied for foreach() H:\laragon\www\data\ThinkPHP\Library\Think\Db\Driver.class.php 第 802 行.
SQL: INSERT INTO `email` () VALUES () [ RunTime:0.1859s ]
NOTIC: [2] Illegal string offset 'id' H:\laragon\www\data\ThinkPHP\Library\Think\Model.class.php 第 328 行.
NOTIC: [2] Invalid argument supplied for foreach() H:\laragon\www\data\ThinkPHP\Library\Think\Model.class.php 第 267 行.
NOTIC: [2] Invalid argument supplied for foreach() H:\laragon\www\data\ThinkPHP\Library\Think\Db\Driver.class.php 第 802 行.
SQL: INSERT INTO `email` () VALUES () [ RunTime:0.1216s ]
NOTIC: [2] Illegal string offset 'id' H:\laragon\www\data\ThinkPHP\Library\Think\Model.class.php 第 328 行.
INFO: [ app_end ] --START--
INFO: Run Behavior\ShowPageTraceBehavior [ RunTime:0.000880s ]
INFO: [ app_end ] --END-- [ RunTime:0.000918s ]

[ 2017-03-23T14:12:27+08:00 ] 127.0.0.1 /Admin/test/run
INFO: [ app_init ] --START--
INFO: Run Behavior\BuildLiteBehavior [ RunTime:0.000009s ]
INFO: [ app_init ] --END-- [ RunTime:0.000051s ]
INFO: [ app_begin ] --START--
INFO: Run Behavior\ReadHtmlCacheBehavior [ RunTime:0.001297s ]
INFO: [ app_begin ] --END-- [ RunTime:0.001378s ]
SQL: SHOW COLUMNS FROM `user` [ RunTime:0.0582s ]
SQL: SELECT `email` FROM `user`  [ RunTime:0.0001s ]

[ 2017-03-23T14:12:36+08:00 ] 127.0.0.1 /Admin/test/run
INFO: [ app_init ] --START--
INFO: Run Behavior\BuildLiteBehavior [ RunTime:0.000008s ]
INFO: [ app_init ] --END-- [ RunTime:0.000041s ]
INFO: [ app_begin ] --START--
INFO: Run Behavior\ReadHtmlCacheBehavior [ RunTime:0.000730s ]
INFO: [ app_begin ] --END-- [ RunTime:0.000789s ]
SQL: SHOW COLUMNS FROM `user` [ RunTime:0.0095s ]
SQL: SELECT `email` FROM `user`  [ RunTime:0.0001s ]
ERR: Cannot use [] for reading

[ 2017-03-23T14:12:49+08:00 ] 127.0.0.1 /Admin/test/run
INFO: [ app_init ] --START--
INFO: Run Behavior\BuildLiteBehavior [ RunTime:0.000011s ]
INFO: [ app_init ] --END-- [ RunTime:0.000065s ]
INFO: [ app_begin ] --START--
INFO: Run Behavior\ReadHtmlCacheBehavior [ RunTime:0.000546s ]
INFO: [ app_begin ] --END-- [ RunTime:0.000589s ]
SQL: SHOW COLUMNS FROM `user` [ RunTime:0.0863s ]
SQL: SELECT `email` FROM `user`  [ RunTime:0.0002s ]

[ 2017-03-23T14:13:20+08:00 ] 127.0.0.1 /Admin/test/run
INFO: [ app_init ] --START--
INFO: Run Behavior\BuildLiteBehavior [ RunTime:0.000014s ]
INFO: [ app_init ] --END-- [ RunTime:0.000078s ]
INFO: [ app_begin ] --START--
INFO: Run Behavior\ReadHtmlCacheBehavior [ RunTime:0.000587s ]
INFO: [ app_begin ] --END-- [ RunTime:0.000635s ]
SQL: SHOW COLUMNS FROM `user` [ RunTime:0.0863s ]
SQL: SELECT `email` FROM `user`  [ RunTime:0.0001s ]

[ 2017-03-23T14:13:42+08:00 ] 127.0.0.1 /Admin/test/run
INFO: [ app_init ] --START--
INFO: Run Behavior\BuildLiteBehavior [ RunTime:0.000014s ]
INFO: [ app_init ] --END-- [ RunTime:0.000076s ]
INFO: [ app_begin ] --START--
INFO: Run Behavior\ReadHtmlCacheBehavior [ RunTime:0.000640s ]
INFO: [ app_begin ] --END-- [ RunTime:0.000755s ]
SQL: SHOW COLUMNS FROM `user` [ RunTime:0.0094s ]
SQL: SELECT `email` FROM `user`  [ RunTime:0.0001s ]
INFO: [ app_end ] --START--
INFO: Run Behavior\ShowPageTraceBehavior [ RunTime:0.001266s ]
INFO: [ app_end ] --END-- [ RunTime:0.001343s ]

[ 2017-03-23T14:13:43+08:00 ] 127.0.0.1 /Admin/test/run
INFO: [ app_init ] --START--
INFO: Run Behavior\BuildLiteBehavior [ RunTime:0.000011s ]
INFO: [ app_init ] --END-- [ RunTime:0.000060s ]
INFO: [ app_begin ] --START--
INFO: Run Behavior\ReadHtmlCacheBehavior [ RunTime:0.000608s ]
INFO: [ app_begin ] --END-- [ RunTime:0.000654s ]
SQL: SHOW COLUMNS FROM `user` [ RunTime:0.0098s ]
SQL: SELECT `email` FROM `user`  [ RunTime:0.0002s ]
INFO: [ app_end ] --START--
INFO: Run Behavior\ShowPageTraceBehavior [ RunTime:0.000817s ]
INFO: [ app_end ] --END-- [ RunTime:0.000885s ]

[ 2017-03-23T14:14:05+08:00 ] 127.0.0.1 /Admin/test/run
INFO: [ app_init ] --START--
INFO: Run Behavior\BuildLiteBehavior [ RunTime:0.000009s ]
INFO: [ app_init ] --END-- [ RunTime:0.000047s ]
INFO: [ app_begin ] --START--
INFO: Run Behavior\ReadHtmlCacheBehavior [ RunTime:0.000765s ]
INFO: [ app_begin ] --END-- [ RunTime:0.000821s ]
SQL: SHOW COLUMNS FROM `user` [ RunTime:0.0129s ]
SQL: SELECT `email` FROM `user`  [ RunTime:0.0001s ]
INFO: [ app_end ] --START--
INFO: Run Behavior\ShowPageTraceBehavior [ RunTime:0.000825s ]
INFO: [ app_end ] --END-- [ RunTime:0.000878s ]

[ 2017-03-23T14:14:43+08:00 ] 127.0.0.1 /Admin/test/run
INFO: [ app_init ] --START--
INFO: Run Behavior\BuildLiteBehavior [ RunTime:0.000009s ]
INFO: [ app_init ] --END-- [ RunTime:0.000046s ]
INFO: [ app_begin ] --START--
INFO: Run Behavior\ReadHtmlCacheBehavior [ RunTime:0.000651s ]
INFO: [ app_begin ] --END-- [ RunTime:0.000697s ]
SQL: SHOW COLUMNS FROM `user` [ RunTime:0.0687s ]
SQL: SELECT `email` FROM `user`  [ RunTime:0.0002s ]

[ 2017-03-23T14:15:06+08:00 ] 127.0.0.1 /Admin/test/run
INFO: [ app_init ] --START--
INFO: Run Behavior\BuildLiteBehavior [ RunTime:0.000018s ]
INFO: [ app_init ] --END-- [ RunTime:0.000086s ]
INFO: [ app_begin ] --START--
INFO: Run Behavior\ReadHtmlCacheBehavior [ RunTime:0.000818s ]
INFO: [ app_begin ] --END-- [ RunTime:0.000883s ]
SQL: SHOW COLUMNS FROM `user` [ RunTime:0.0137s ]
SQL: SELECT `email` FROM `user`  [ RunTime:0.0002s ]
SQL: SHOW COLUMNS FROM `email` [ RunTime:0.0108s ]
NOTIC: [2] Invalid argument supplied for foreach() H:\laragon\www\data\ThinkPHP\Library\Think\Model.class.php 第 267 行.
NOTIC: [2] Invalid argument supplied for foreach() H:\laragon\www\data\ThinkPHP\Library\Think\Db\Driver.class.php 第 802 行.
SQL: INSERT INTO `email` () VALUES () [ RunTime:0.1257s ]
NOTIC: [2] Illegal string offset 'id' H:\laragon\www\data\ThinkPHP\Library\Think\Model.class.php 第 328 行.
INFO: [ app_end ] --START--
INFO: Run Behavior\ShowPageTraceBehavior [ RunTime:0.000917s ]
INFO: [ app_end ] --END-- [ RunTime:0.000955s ]

[ 2017-03-23T14:16:36+08:00 ] 127.0.0.1 /Admin/test/run
INFO: [ app_init ] --START--
INFO: Run Behavior\BuildLiteBehavior [ RunTime:0.000010s ]
INFO: [ app_init ] --END-- [ RunTime:0.000066s ]
INFO: [ app_begin ] --START--
INFO: Run Behavior\ReadHtmlCacheBehavior [ RunTime:0.001770s ]
INFO: [ app_begin ] --END-- [ RunTime:0.001837s ]
SQL: SHOW COLUMNS FROM `user` [ RunTime:0.0080s ]
SQL: SELECT `email` FROM `user`  [ RunTime:0.0002s ]
SQL: SHOW COLUMNS FROM `email` [ RunTime:0.0091s ]
SQL: INSERT INTO `email` (`email`) VALUES ('cm723383@163.com') [ RunTime:0.0908s ]
INFO: [ app_end ] --START--
INFO: Run Behavior\ShowPageTraceBehavior [ RunTime:0.000813s ]
INFO: [ app_end ] --END-- [ RunTime:0.000852s ]

[ 2017-03-23T14:17:02+08:00 ] 127.0.0.1 /Admin/test/run
INFO: [ app_init ] --START--
INFO: Run Behavior\BuildLiteBehavior [ RunTime:0.000008s ]
INFO: [ app_init ] --END-- [ RunTime:0.000046s ]
INFO: [ app_begin ] --START--
INFO: Run Behavior\ReadHtmlCacheBehavior [ RunTime:0.000655s ]
INFO: [ app_begin ] --END-- [ RunTime:0.000690s ]
SQL: SHOW COLUMNS FROM `user` [ RunTime:0.0113s ]
SQL: SELECT `email` FROM `user`  [ RunTime:0.0002s ]
SQL: SHOW COLUMNS FROM `email` [ RunTime:0.0095s ]
SQL: INSERT INTO `email` (`email`) VALUES ('576973429@qq.com') [ RunTime:0.1483s ]
INFO: [ app_end ] --START--
INFO: Run Behavior\ShowPageTraceBehavior [ RunTime:0.000984s ]
INFO: [ app_end ] --END-- [ RunTime:0.001033s ]

[ 2017-03-23T14:17:09+08:00 ] 127.0.0.1 /Admin/test/run
INFO: [ app_init ] --START--
INFO: Run Behavior\BuildLiteBehavior [ RunTime:0.000008s ]
INFO: [ app_init ] --END-- [ RunTime:0.000042s ]
INFO: [ app_begin ] --START--
INFO: Run Behavior\ReadHtmlCacheBehavior [ RunTime:0.000950s ]
INFO: [ app_begin ] --END-- [ RunTime:0.001104s ]
SQL: SHOW COLUMNS FROM `user` [ RunTime:0.0090s ]
SQL: SELECT `email` FROM `user`  [ RunTime:0.0002s ]
SQL: SHOW COLUMNS FROM `email` [ RunTime:0.0117s ]
SQL: INSERT INTO `email` (`email`) VALUES ('15057518924@163.com') [ RunTime:0.0963s ]
INFO: [ app_end ] --START--
INFO: Run Behavior\ShowPageTraceBehavior [ RunTime:0.001083s ]
INFO: [ app_end ] --END-- [ RunTime:0.001138s ]

[ 2017-03-23T14:17:15+08:00 ] 127.0.0.1 /Admin/test/run
INFO: [ app_init ] --START--
INFO: Run Behavior\BuildLiteBehavior [ RunTime:0.000008s ]
INFO: [ app_init ] --END-- [ RunTime:0.000038s ]
INFO: [ app_begin ] --START--
INFO: Run Behavior\ReadHtmlCacheBehavior [ RunTime:0.001590s ]
INFO: [ app_begin ] --END-- [ RunTime:0.001774s ]
SQL: SHOW COLUMNS FROM `user` [ RunTime:0.0111s ]
SQL: SELECT `email` FROM `user`  [ RunTime:0.0002s ]
SQL: SHOW COLUMNS FROM `email` [ RunTime:0.0088s ]
SQL: INSERT INTO `email` (`email`) VALUES ('cm181123@163.com') [ RunTime:0.4380s ]
INFO: [ app_end ] --START--
INFO: Run Behavior\ShowPageTraceBehavior [ RunTime:0.001384s ]
INFO: [ app_end ] --END-- [ RunTime:0.001456s ]

[ 2017-03-23T14:17:20+08:00 ] 127.0.0.1 /Admin/test/run
INFO: [ app_init ] --START--
INFO: Run Behavior\BuildLiteBehavior [ RunTime:0.000007s ]
INFO: [ app_init ] --END-- [ RunTime:0.000043s ]
INFO: [ app_begin ] --START--
INFO: Run Behavior\ReadHtmlCacheBehavior [ RunTime:0.000398s ]
INFO: [ app_begin ] --END-- [ RunTime:0.000425s ]
SQL: SHOW COLUMNS FROM `user` [ RunTime:0.0085s ]
SQL: SELECT `email` FROM `user`  [ RunTime:0.0001s ]
SQL: SHOW COLUMNS FROM `email` [ RunTime:0.0079s ]
SQL: INSERT INTO `email` (`email`) VALUES ('cm723383@163.com') [ RunTime:0.0953s ]
INFO: [ app_end ] --START--
INFO: Run Behavior\ShowPageTraceBehavior [ RunTime:0.001848s ]
INFO: [ app_end ] --END-- [ RunTime:0.001957s ]

[ 2017-03-23T14:17:34+08:00 ] 127.0.0.1 /Admin/test/run
INFO: [ app_init ] --START--
INFO: Run Behavior\BuildLiteBehavior [ RunTime:0.000009s ]
INFO: [ app_init ] --END-- [ RunTime:0.000048s ]
INFO: [ app_begin ] --START--
INFO: Run Behavior\ReadHtmlCacheBehavior [ RunTime:0.000498s ]
INFO: [ app_begin ] --END-- [ RunTime:0.000536s ]
SQL: SHOW COLUMNS FROM `user` [ RunTime:0.0118s ]
SQL: SELECT `email` FROM `user`  [ RunTime:0.0001s ]
SQL: SHOW COLUMNS FROM `email` [ RunTime:0.0109s ]
SQL: INSERT INTO `email` (`email`) VALUES ('576973429@qq.com') [ RunTime:0.1963s ]
INFO: [ app_end ] --START--
INFO: Run Behavior\ShowPageTraceBehavior [ RunTime:0.001213s ]
INFO: [ app_end ] --END-- [ RunTime:0.001257s ]

[ 2017-03-23T15:32:49+08:00 ] 127.0.0.1 /admin/user/login
INFO: [ app_init ] --START--
INFO: Run Behavior\BuildLiteBehavior [ RunTime:0.000015s ]
INFO: [ app_init ] --END-- [ RunTime:0.000113s ]
INFO: [ app_begin ] --START--
INFO: Run Behavior\ReadHtmlCacheBehavior [ RunTime:0.014238s ]
INFO: [ app_begin ] --END-- [ RunTime:0.014327s ]
INFO: [ view_parse ] --START--
INFO: [ template_filter ] --START--
INFO: Run Behavior\ContentReplaceBehavior [ RunTime:0.027176s ]
INFO: [ template_filter ] --END-- [ RunTime:0.027256s ]
INFO: Run Behavior\ParseTemplateBehavior [ RunTime:0.104684s ]
INFO: [ view_parse ] --END-- [ RunTime:0.104752s ]
INFO: [ view_filter ] --START--
INFO: Run Behavior\WriteHtmlCacheBehavior [ RunTime:0.024015s ]
INFO: [ view_filter ] --END-- [ RunTime:0.024065s ]
INFO: [ app_end ] --START--
INFO: Run Behavior\ShowPageTraceBehavior [ RunTime:0.001734s ]
INFO: [ app_end ] --END-- [ RunTime:0.001788s ]

[ 2017-03-23T15:32:50+08:00 ] 127.0.0.1 /Admin/User/verify/?0.5753018623626052
INFO: [ app_init ] --START--
INFO: Run Behavior\BuildLiteBehavior [ RunTime:0.000007s ]
INFO: [ app_init ] --END-- [ RunTime:0.000038s ]
INFO: [ app_begin ] --START--
INFO: Run Behavior\ReadHtmlCacheBehavior [ RunTime:0.000398s ]
INFO: [ app_begin ] --END-- [ RunTime:0.000424s ]
INFO: [ app_end ] --START--
INFO: Run Behavior\ShowPageTraceBehavior [ RunTime:0.000770s ]
INFO: [ app_end ] --END-- [ RunTime:0.000814s ]

[ 2017-03-23T18:48:04+08:00 ] 127.0.0.1 /admin/user/login
INFO: [ app_init ] --START--
INFO: Run Behavior\BuildLiteBehavior [ RunTime:0.000010s ]
INFO: [ app_init ] --END-- [ RunTime:0.005711s ]
INFO: [ app_begin ] --START--
INFO: Run Behavior\ReadHtmlCacheBehavior [ RunTime:0.015170s ]
INFO: [ app_begin ] --END-- [ RunTime:0.015222s ]
INFO: [ view_parse ] --START--
INFO: [ template_filter ] --START--
INFO: Run Behavior\ContentReplaceBehavior [ RunTime:0.002158s ]
INFO: [ template_filter ] --END-- [ RunTime:0.002218s ]
INFO: Run Behavior\ParseTemplateBehavior [ RunTime:0.061925s ]
INFO: [ view_parse ] --END-- [ RunTime:0.061999s ]
INFO: [ view_filter ] --START--
INFO: Run Behavior\WriteHtmlCacheBehavior [ RunTime:0.008797s ]
INFO: [ view_filter ] --END-- [ RunTime:0.008854s ]
INFO: [ app_end ] --START--
INFO: Run Behavior\ShowPageTraceBehavior [ RunTime:0.001040s ]
INFO: [ app_end ] --END-- [ RunTime:0.001078s ]

[ 2017-03-23T18:48:05+08:00 ] 127.0.0.1 /Admin/User/verify/?0.973882292668945
INFO: [ app_init ] --START--
INFO: Run Behavior\BuildLiteBehavior [ RunTime:0.000013s ]
INFO: [ app_init ] --END-- [ RunTime:0.000069s ]
INFO: [ app_begin ] --START--
INFO: Run Behavior\ReadHtmlCacheBehavior [ RunTime:0.000925s ]
INFO: [ app_begin ] --END-- [ RunTime:0.000983s ]
INFO: [ app_end ] --START--
INFO: Run Behavior\ShowPageTraceBehavior [ RunTime:0.000826s ]
INFO: [ app_end ] --END-- [ RunTime:0.000898s ]

